<?xml version="1.0" encoding="UTF-8"?>
<!-- Generated by org.testng.reporters.JUnitReportReporter -->
<testsuite skipped="0" hostname="BDC6-DX-6BF8NK2" name="Simple.SimpleTest.Test4" tests="1" failures="0" timestamp="22 Oct 2019 06:02:57 GMT" time="0.625" errors="0">
  <testcase name="testExcel" time="0.625" classname="Simple.SimpleTest.Test4"/>
</testsuite> <!-- Simple.SimpleTest.Test4 -->
