<?xml version="1.0" encoding="UTF-8"?>
<!-- Generated by org.testng.reporters.JUnitReportReporter -->
<testsuite skipped="0" hostname="BDC6-DX-6BF8NK2" name="Simple.SimpleTest.TestNg7" tests="2" failures="0" timestamp="22 Oct 2019 07:23:56 GMT" time="0.019" errors="0">
  <testcase name="test3" time="0.003" classname="Simple.SimpleTest.TestNg7"/>
  <testcase name="test2" time="0.016" classname="Simple.SimpleTest.TestNg7"/>
</testsuite> <!-- Simple.SimpleTest.TestNg7 -->
